<?xml version="1.0" encoding="UTF-8"?>
<!-- Generated by org.testng.reporters.JUnitXMLReporter -->
<testsuite hostname="DESKTOP-FNHP0R0" ignored="0" name="Test" tests="5" failures="1" timestamp="23 Mar 2019 12:54:54 GMT" time="180.371" errors="0">
  <testcase name="Test1" time="0.124" classname="com.qa.Tests.HomePageTest"/>
  <testcase name="Test2" time="0.006" classname="com.qa.Tests.HomePageTest">
    <skipped/>
  </testcase> <!-- Test2 -->
  <testcase name="Test2" time="0.003" classname="com.qa.Tests.HomePageTest">
    <skipped/>
  </testcase> <!-- Test2 -->
  <testcase name="Test2" time="0.003" classname="com.qa.Tests.HomePageTest">
    <skipped/>
  </testcase> <!-- Test2 -->
  <testcase name="Test2" time="0.003" classname="com.qa.Tests.HomePageTest">
    <failure type="java.lang.AssertionError" message="expected [false] but found [true]">
      <![CDATA[java.lang.AssertionError: expected [false] but found [true]
at com.qa.Tests.HomePageTest.Test2(HomePageTest.java:47)
... Removed 31 stack frames]]>
    </failure>
  </testcase> <!-- Test2 -->
</testsuite> <!-- Test -->
